\BOOKMARK [0][-]{part.1}{I Overview}{}
\BOOKMARK [1][-]{section.1}{Introduction}{part.1}
\BOOKMARK [2][-]{subsection.1.1}{Assumption}{section.1}
\BOOKMARK [1][-]{section.2}{Process Flow}{part.1}
\BOOKMARK [1][-]{section.3}{How To Use This Tool?}{part.1}
\BOOKMARK [2][-]{subsection.3.1}{Create the SQL Query}{section.3}
\BOOKMARK [2][-]{subsection.3.2}{Derive Bind Variables From Query As Per User Requirements}{section.3}
\BOOKMARK [2][-]{subsection.3.3}{Execute the Query and Get the Dataset}{section.3}
\BOOKMARK [2][-]{subsection.3.4}{Create or Import Style}{section.3}
\BOOKMARK [2][-]{subsection.3.5}{Style Interface}{section.3}
\BOOKMARK [3][-]{subsubsection.3.5.1}{private String name;}{subsection.3.5}
\BOOKMARK [3][-]{subsubsection.3.5.2}{private String fontColor;}{subsection.3.5}
\BOOKMARK [3][-]{subsubsection.3.5.3}{private String fontFace;}{subsection.3.5}
\BOOKMARK [3][-]{subsubsection.3.5.4}{private String fontHeight;}{subsection.3.5}
\BOOKMARK [3][-]{subsubsection.3.5.5}{private String fontStyle;}{subsection.3.5}
\BOOKMARK [3][-]{subsubsection.3.5.6}{private String fontWeight;}{subsection.3.5}
\BOOKMARK [3][-]{subsubsection.3.5.7}{private String fontUnderlineStyle;}{subsection.3.5}
\BOOKMARK [3][-]{subsubsection.3.5.8}{private String wordWrap;}{subsection.3.5}
\BOOKMARK [3][-]{subsubsection.3.5.9}{private String verticalAlignment;}{subsection.3.5}
\BOOKMARK [3][-]{subsubsection.3.5.10}{private String horizontalAlignment;}{subsection.3.5}
\BOOKMARK [3][-]{subsubsection.3.5.11}{private String backgroundColor;}{subsection.3.5}
\BOOKMARK [3][-]{subsubsection.3.5.12}{private String formatMask;}{subsection.3.5}
\BOOKMARK [3][-]{subsubsection.3.5.13}{private String border;}{subsection.3.5}
\BOOKMARK [3][-]{subsubsection.3.5.14}{private String borderTop;}{subsection.3.5}
\BOOKMARK [3][-]{subsubsection.3.5.15}{private String borderRight;}{subsection.3.5}
\BOOKMARK [3][-]{subsubsection.3.5.16}{private String borderBottom;}{subsection.3.5}
\BOOKMARK [3][-]{subsubsection.3.5.17}{private String borderLeft;}{subsection.3.5}
\BOOKMARK [2][-]{subsection.3.6}{Layout/Bean Shell Definition}{section.3}
\BOOKMARK [3][-]{subsubsection.3.6.1}{Content}{subsection.3.6}
\BOOKMARK [3][-]{subsubsection.3.6.2}{Renderer}{subsection.3.6}
\BOOKMARK [3][-]{subsubsection.3.6.3}{Dataset}{subsection.3.6}
\BOOKMARK [3][-]{subsubsection.3.6.4}{Content Interface \(General\)}{subsection.3.6}
\BOOKMARK [3][-]{subsubsection.3.6.5}{Content Interface \(Workbook Specific\)}{subsection.3.6}
\BOOKMARK [3][-]{subsubsection.3.6.6}{Renderer Interface \(General\)}{subsection.3.6}
\BOOKMARK [3][-]{subsubsection.3.6.7}{Renderer Interface \(Workbook Specific\)}{subsection.3.6}
\BOOKMARK [3][-]{subsubsection.3.6.8}{Dataset Interface}{subsection.3.6}
\BOOKMARK [3][-]{subsubsection.3.6.9}{Dataset Iterator Interface}{subsection.3.6}
\BOOKMARK [2][-]{subsection.3.7}{Bringing It All Together and Defining the Document}{section.3}
\BOOKMARK [1][-]{section.4}{Spring Workbook Configuration Flow Diagram}{part.1}
\BOOKMARK [1][-]{section.5}{Pivoting Datasets}{part.1}
\BOOKMARK [2][-]{subsection.5.1}{Crosstab Document Test}{section.5}
